{"contracts/PropertyDeed.sol":{"l":{"91":27,"92":26,"95":25,"96":25,"99":25,"102":25,"109":25,"111":25,"123":3,"124":2,"133":3,"142":2,"143":1},"path":"/home/imran/Desktop/Real_Estate/contracts/PropertyDeed.sol","s":{"1":27,"2":26,"3":25,"4":25,"5":25,"6":25,"7":3,"8":2,"9":3,"10":2,"11":1},"b":{"1":[27,1],"2":[26,1],"3":[25,1],"4":[2,1],"5":[1,1]},"f":{"1":5,"2":27,"3":3,"4":3,"5":2},"fnMap":{"1":{"name":"constructor","line":63,"loc":{"start":{"line":63,"column":4},"end":{"line":65,"column":4}}},"2":{"name":"mintPropertyDeed","line":89,"loc":{"start":{"line":85,"column":4},"end":{"line":112,"column":4}}},"3":{"name":"getPropertyInfo","line":122,"loc":{"start":{"line":122,"column":4},"end":{"line":125,"column":4}}},"4":{"name":"totalSupply","line":131,"loc":{"start":{"line":131,"column":4},"end":{"line":134,"column":4}}},"5":{"name":"tokenURI","line":141,"loc":{"start":{"line":141,"column":4},"end":{"line":144,"column":4}}}},"statementMap":{"1":{"start":{"line":91,"column":8},"end":{"line":91,"column":77}},"2":{"start":{"line":92,"column":8},"end":{"line":92,"column":99}},"3":{"start":{"line":95,"column":8},"end":{"line":95,"column":38}},"4":{"start":{"line":99,"column":8},"end":{"line":99,"column":29}},"5":{"start":{"line":109,"column":8},"end":{"line":109,"column":57}},"6":{"start":{"line":111,"column":8},"end":{"line":111,"column":22}},"7":{"start":{"line":123,"column":8},"end":{"line":123,"column":88}},"8":{"start":{"line":124,"column":8},"end":{"line":124,"column":37}},"9":{"start":{"line":133,"column":8},"end":{"line":133,"column":31}},"10":{"start":{"line":142,"column":8},"end":{"line":142,"column":96}},"11":{"start":{"line":143,"column":8},"end":{"line":143,"column":49}}},"branchMap":{"1":{"line":89,"type":"if","locations":[{"start":{"line":89,"column":15},"end":{"line":89,"column":15}},{"start":{"line":89,"column":15},"end":{"line":89,"column":15}}]},"2":{"line":91,"type":"if","locations":[{"start":{"line":91,"column":8},"end":{"line":91,"column":8}},{"start":{"line":91,"column":8},"end":{"line":91,"column":8}}]},"3":{"line":92,"type":"if","locations":[{"start":{"line":92,"column":8},"end":{"line":92,"column":8}},{"start":{"line":92,"column":8},"end":{"line":92,"column":8}}]},"4":{"line":123,"type":"if","locations":[{"start":{"line":123,"column":8},"end":{"line":123,"column":8}},{"start":{"line":123,"column":8},"end":{"line":123,"column":8}}]},"5":{"line":142,"type":"if","locations":[{"start":{"line":142,"column":8},"end":{"line":142,"column":8}},{"start":{"line":142,"column":8},"end":{"line":142,"column":8}}]}}},"contracts/PropertyFractions.sol":{"l":{"71":21,"73":21,"74":21,"75":21,"95":24,"96":23,"98":22,"101":22,"103":22,"111":2,"127":2,"142":44,"143":0,"146":44,"147":44,"150":44,"151":44,"152":44,"156":44,"157":44,"158":44,"159":44,"160":44,"163":44},"path":"/home/imran/Desktop/Real_Estate/contracts/PropertyFractions.sol","s":{"1":21,"2":24,"3":23,"4":22,"5":22,"6":2,"7":2,"8":44,"9":0,"10":44,"11":44,"12":44,"13":44,"14":44,"15":44},"b":{"1":[21,0],"2":[24,1],"3":[23,1],"4":[22,1],"5":[0,44]},"f":{"1":21,"2":24,"3":2,"4":2,"5":44},"fnMap":{"1":{"name":"constructor","line":70,"loc":{"start":{"line":64,"column":4},"end":{"line":76,"column":4}}},"2":{"name":"mintInitialSupply","line":94,"loc":{"start":{"line":94,"column":4},"end":{"line":104,"column":4}}},"3":{"name":"isInitialMintComplete","line":110,"loc":{"start":{"line":110,"column":4},"end":{"line":112,"column":4}}},"4":{"name":"getFractionInfo","line":121,"loc":{"start":{"line":121,"column":4},"end":{"line":133,"column":4}}},"5":{"name":"_uint2str","line":141,"loc":{"start":{"line":141,"column":4},"end":{"line":164,"column":4}}}},"statementMap":{"1":{"start":{"line":71,"column":8},"end":{"line":71,"column":96}},"2":{"start":{"line":95,"column":8},"end":{"line":95,"column":90}},"3":{"start":{"line":96,"column":8},"end":{"line":96,"column":92}},"4":{"start":{"line":101,"column":8},"end":{"line":101,"column":43}},"5":{"start":{"line":103,"column":8},"end":{"line":103,"column":71}},"6":{"start":{"line":111,"column":8},"end":{"line":111,"column":35}},"7":{"start":{"line":127,"column":8},"end":{"line":127,"column":5166}},"8":{"start":{"line":142,"column":8},"end":{"line":142,"column":5636}},"9":{"start":{"line":143,"column":12},"end":{"line":143,"column":22}},"10":{"start":{"line":146,"column":8},"end":{"line":146,"column":28}},"11":{"start":{"line":147,"column":8},"end":{"line":147,"column":22}},"12":{"start":{"line":150,"column":8},"end":{"line":150,"column":5806}},"13":{"start":{"line":156,"column":8},"end":{"line":156,"column":47}},"14":{"start":{"line":157,"column":8},"end":{"line":157,"column":6002}},"15":{"start":{"line":163,"column":8},"end":{"line":163,"column":29}}},"branchMap":{"1":{"line":71,"type":"if","locations":[{"start":{"line":71,"column":8},"end":{"line":71,"column":8}},{"start":{"line":71,"column":8},"end":{"line":71,"column":8}}]},"2":{"line":94,"type":"if","locations":[{"start":{"line":94,"column":62},"end":{"line":94,"column":62}},{"start":{"line":94,"column":62},"end":{"line":94,"column":62}}]},"3":{"line":95,"type":"if","locations":[{"start":{"line":95,"column":8},"end":{"line":95,"column":8}},{"start":{"line":95,"column":8},"end":{"line":95,"column":8}}]},"4":{"line":96,"type":"if","locations":[{"start":{"line":96,"column":8},"end":{"line":96,"column":8}},{"start":{"line":96,"column":8},"end":{"line":96,"column":8}}]},"5":{"line":142,"type":"if","locations":[{"start":{"line":142,"column":8},"end":{"line":142,"column":8}},{"start":{"line":142,"column":8},"end":{"line":142,"column":8}}]}}},"contracts/TokenizationManager.sol":{"l":{"120":4,"154":17,"157":16,"164":16,"168":16,"171":16,"174":16,"184":16,"185":16,"187":16,"188":16,"190":16,"215":11,"217":11,"218":11,"219":10,"220":9,"223":8,"224":8,"226":8,"227":8,"229":8,"244":4,"246":4,"247":4,"248":3,"250":3,"252":3,"280":14,"282":14,"283":14,"284":13,"285":12,"288":11,"289":11,"291":10,"294":10,"300":9,"306":9,"312":9,"313":9,"316":9,"319":9,"320":1,"321":1,"324":9,"342":3,"344":3,"345":3,"346":2,"348":1,"357":13,"358":12,"366":2,"374":3,"387":16,"395":2,"396":2,"398":1,"399":1},"path":"/home/imran/Desktop/Real_Estate/contracts/TokenizationManager.sol","s":{"1":17,"2":16,"3":16,"4":16,"5":16,"6":16,"7":16,"8":11,"9":11,"10":11,"11":10,"12":9,"13":8,"14":8,"15":8,"16":4,"17":4,"18":4,"19":3,"20":3,"21":14,"22":14,"23":14,"24":13,"25":12,"26":11,"27":11,"28":10,"29":10,"30":9,"31":9,"32":9,"33":9,"34":9,"35":1,"36":1,"37":9,"38":3,"39":3,"40":3,"41":2,"42":13,"43":12,"44":2,"45":3,"46":16,"47":2,"48":2,"49":1,"50":1},"b":{"1":[17,0],"2":[16,1],"3":[11,0],"4":[10,1],"5":[9,1],"6":[8,1],"7":[8,0],"8":[4,0],"9":[3,1],"10":[3,0],"11":[14,0],"12":[14,0],"13":[13,1],"14":[12,1],"15":[11,1],"16":[10,1],"17":[9,1],"18":[9,0],"19":[9,0],"20":[9,0],"21":[1,8],"22":[1,0],"23":[3,0],"24":[2,1],"25":[1,1],"26":[12,1],"27":[2,1],"28":[1,1],"29":[1,0]},"f":{"1":4,"2":17,"3":11,"4":4,"5":14,"6":3,"7":13,"8":2,"9":3,"10":16,"11":2},"fnMap":{"1":{"name":"constructor","line":119,"loc":{"start":{"line":119,"column":4},"end":{"line":121,"column":4}}},"2":{"name":"tokenizeProperty","line":153,"loc":{"start":{"line":150,"column":4},"end":{"line":191,"column":4}}},"3":{"name":"startDistribution","line":211,"loc":{"start":{"line":211,"column":4},"end":{"line":230,"column":4}}},"4":{"name":"stopDistribution","line":243,"loc":{"start":{"line":243,"column":4},"end":{"line":253,"column":4}}},"5":{"name":"buyFractions","line":279,"loc":{"start":{"line":276,"column":4},"end":{"line":325,"column":4}}},"6":{"name":"updateFractionPrice","line":338,"loc":{"start":{"line":338,"column":4},"end":{"line":349,"column":4}}},"7":{"name":"getTokenizedProperty","line":356,"loc":{"start":{"line":356,"column":4},"end":{"line":359,"column":4}}},"8":{"name":"getAllPropertyIds","line":365,"loc":{"start":{"line":365,"column":4},"end":{"line":367,"column":4}}},"9":{"name":"getTotalTokenizedProperties","line":373,"loc":{"start":{"line":373,"column":4},"end":{"line":375,"column":4}}},"10":{"name":"onERC721Received","line":381,"loc":{"start":{"line":381,"column":4},"end":{"line":388,"column":4}}},"11":{"name":"emergencyWithdraw","line":394,"loc":{"start":{"line":394,"column":4},"end":{"line":400,"column":4}}}},"statementMap":{"1":{"start":{"line":154,"column":8},"end":{"line":154,"column":99}},"2":{"start":{"line":164,"column":8},"end":{"line":164,"column":5830}},"3":{"start":{"line":171,"column":8},"end":{"line":171,"column":46}},"4":{"start":{"line":185,"column":8},"end":{"line":185,"column":38}},"5":{"start":{"line":187,"column":8},"end":{"line":187,"column":90}},"6":{"start":{"line":188,"column":8},"end":{"line":188,"column":72}},"7":{"start":{"line":190,"column":8},"end":{"line":190,"column":46}},"8":{"start":{"line":215,"column":8},"end":{"line":215,"column":76}},"9":{"start":{"line":217,"column":8},"end":{"line":217,"column":94}},"10":{"start":{"line":218,"column":8},"end":{"line":218,"column":88}},"11":{"start":{"line":219,"column":8},"end":{"line":219,"column":92}},"12":{"start":{"line":220,"column":8},"end":{"line":220,"column":97}},"13":{"start":{"line":223,"column":8},"end":{"line":223,"column":83}},"14":{"start":{"line":224,"column":8},"end":{"line":224,"column":106}},"15":{"start":{"line":229,"column":8},"end":{"line":229,"column":84}},"16":{"start":{"line":244,"column":8},"end":{"line":244,"column":76}},"17":{"start":{"line":246,"column":8},"end":{"line":246,"column":94}},"18":{"start":{"line":247,"column":8},"end":{"line":247,"column":88}},"19":{"start":{"line":248,"column":8},"end":{"line":248,"column":87}},"20":{"start":{"line":252,"column":8},"end":{"line":252,"column":61}},"21":{"start":{"line":280,"column":8},"end":{"line":280,"column":76}},"22":{"start":{"line":282,"column":8},"end":{"line":282,"column":94}},"23":{"start":{"line":283,"column":8},"end":{"line":283,"column":87}},"24":{"start":{"line":284,"column":8},"end":{"line":284,"column":99}},"25":{"start":{"line":285,"column":8},"end":{"line":285,"column":92}},"26":{"start":{"line":288,"column":8},"end":{"line":288,"column":82}},"27":{"start":{"line":289,"column":8},"end":{"line":289,"column":84}},"28":{"start":{"line":291,"column":8},"end":{"line":291,"column":83}},"29":{"start":{"line":294,"column":8},"end":{"line":294,"column":11284}},"30":{"start":{"line":300,"column":8},"end":{"line":300,"column":11486}},"31":{"start":{"line":306,"column":8},"end":{"line":306,"column":11727}},"32":{"start":{"line":312,"column":8},"end":{"line":312,"column":77}},"33":{"start":{"line":313,"column":8},"end":{"line":313,"column":67}},"34":{"start":{"line":319,"column":8},"end":{"line":319,"column":12249}},"35":{"start":{"line":320,"column":12},"end":{"line":320,"column":95}},"36":{"start":{"line":321,"column":12},"end":{"line":321,"column":71}},"37":{"start":{"line":324,"column":8},"end":{"line":324,"column":102}},"38":{"start":{"line":342,"column":8},"end":{"line":342,"column":76}},"39":{"start":{"line":344,"column":8},"end":{"line":344,"column":94}},"40":{"start":{"line":345,"column":8},"end":{"line":345,"column":88}},"41":{"start":{"line":346,"column":8},"end":{"line":346,"column":100}},"42":{"start":{"line":357,"column":8},"end":{"line":357,"column":94}},"43":{"start":{"line":358,"column":8},"end":{"line":358,"column":46}},"44":{"start":{"line":366,"column":8},"end":{"line":366,"column":29}},"45":{"start":{"line":374,"column":8},"end":{"line":374,"column":36}},"46":{"start":{"line":387,"column":8},"end":{"line":387,"column":45}},"47":{"start":{"line":395,"column":8},"end":{"line":395,"column":47}},"48":{"start":{"line":396,"column":8},"end":{"line":396,"column":74}},"49":{"start":{"line":398,"column":8},"end":{"line":398,"column":68}},"50":{"start":{"line":399,"column":8},"end":{"line":399,"column":65}}},"branchMap":{"1":{"line":153,"type":"if","locations":[{"start":{"line":153,"column":15},"end":{"line":153,"column":15}},{"start":{"line":153,"column":15},"end":{"line":153,"column":15}}]},"2":{"line":154,"type":"if","locations":[{"start":{"line":154,"column":8},"end":{"line":154,"column":8}},{"start":{"line":154,"column":8},"end":{"line":154,"column":8}}]},"3":{"line":217,"type":"if","locations":[{"start":{"line":217,"column":8},"end":{"line":217,"column":8}},{"start":{"line":217,"column":8},"end":{"line":217,"column":8}}]},"4":{"line":218,"type":"if","locations":[{"start":{"line":218,"column":8},"end":{"line":218,"column":8}},{"start":{"line":218,"column":8},"end":{"line":218,"column":8}}]},"5":{"line":219,"type":"if","locations":[{"start":{"line":219,"column":8},"end":{"line":219,"column":8}},{"start":{"line":219,"column":8},"end":{"line":219,"column":8}}]},"6":{"line":220,"type":"if","locations":[{"start":{"line":220,"column":8},"end":{"line":220,"column":8}},{"start":{"line":220,"column":8},"end":{"line":220,"column":8}}]},"7":{"line":224,"type":"if","locations":[{"start":{"line":224,"column":8},"end":{"line":224,"column":8}},{"start":{"line":224,"column":8},"end":{"line":224,"column":8}}]},"8":{"line":246,"type":"if","locations":[{"start":{"line":246,"column":8},"end":{"line":246,"column":8}},{"start":{"line":246,"column":8},"end":{"line":246,"column":8}}]},"9":{"line":247,"type":"if","locations":[{"start":{"line":247,"column":8},"end":{"line":247,"column":8}},{"start":{"line":247,"column":8},"end":{"line":247,"column":8}}]},"10":{"line":248,"type":"if","locations":[{"start":{"line":248,"column":8},"end":{"line":248,"column":8}},{"start":{"line":248,"column":8},"end":{"line":248,"column":8}}]},"11":{"line":279,"type":"if","locations":[{"start":{"line":279,"column":23},"end":{"line":279,"column":23}},{"start":{"line":279,"column":23},"end":{"line":279,"column":23}}]},"12":{"line":282,"type":"if","locations":[{"start":{"line":282,"column":8},"end":{"line":282,"column":8}},{"start":{"line":282,"column":8},"end":{"line":282,"column":8}}]},"13":{"line":283,"type":"if","locations":[{"start":{"line":283,"column":8},"end":{"line":283,"column":8}},{"start":{"line":283,"column":8},"end":{"line":283,"column":8}}]},"14":{"line":284,"type":"if","locations":[{"start":{"line":284,"column":8},"end":{"line":284,"column":8}},{"start":{"line":284,"column":8},"end":{"line":284,"column":8}}]},"15":{"line":285,"type":"if","locations":[{"start":{"line":285,"column":8},"end":{"line":285,"column":8}},{"start":{"line":285,"column":8},"end":{"line":285,"column":8}}]},"16":{"line":289,"type":"if","locations":[{"start":{"line":289,"column":8},"end":{"line":289,"column":8}},{"start":{"line":289,"column":8},"end":{"line":289,"column":8}}]},"17":{"line":294,"type":"if","locations":[{"start":{"line":294,"column":8},"end":{"line":294,"column":8}},{"start":{"line":294,"column":8},"end":{"line":294,"column":8}}]},"18":{"line":300,"type":"if","locations":[{"start":{"line":300,"column":8},"end":{"line":300,"column":8}},{"start":{"line":300,"column":8},"end":{"line":300,"column":8}}]},"19":{"line":306,"type":"if","locations":[{"start":{"line":306,"column":8},"end":{"line":306,"column":8}},{"start":{"line":306,"column":8},"end":{"line":306,"column":8}}]},"20":{"line":313,"type":"if","locations":[{"start":{"line":313,"column":8},"end":{"line":313,"column":8}},{"start":{"line":313,"column":8},"end":{"line":313,"column":8}}]},"21":{"line":319,"type":"if","locations":[{"start":{"line":319,"column":8},"end":{"line":319,"column":8}},{"start":{"line":319,"column":8},"end":{"line":319,"column":8}}]},"22":{"line":321,"type":"if","locations":[{"start":{"line":321,"column":12},"end":{"line":321,"column":12}},{"start":{"line":321,"column":12},"end":{"line":321,"column":12}}]},"23":{"line":344,"type":"if","locations":[{"start":{"line":344,"column":8},"end":{"line":344,"column":8}},{"start":{"line":344,"column":8},"end":{"line":344,"column":8}}]},"24":{"line":345,"type":"if","locations":[{"start":{"line":345,"column":8},"end":{"line":345,"column":8}},{"start":{"line":345,"column":8},"end":{"line":345,"column":8}}]},"25":{"line":346,"type":"if","locations":[{"start":{"line":346,"column":8},"end":{"line":346,"column":8}},{"start":{"line":346,"column":8},"end":{"line":346,"column":8}}]},"26":{"line":357,"type":"if","locations":[{"start":{"line":357,"column":8},"end":{"line":357,"column":8}},{"start":{"line":357,"column":8},"end":{"line":357,"column":8}}]},"27":{"line":394,"type":"if","locations":[{"start":{"line":394,"column":42},"end":{"line":394,"column":42}},{"start":{"line":394,"column":42},"end":{"line":394,"column":42}}]},"28":{"line":396,"type":"if","locations":[{"start":{"line":396,"column":8},"end":{"line":396,"column":8}},{"start":{"line":396,"column":8},"end":{"line":396,"column":8}}]},"29":{"line":399,"type":"if","locations":[{"start":{"line":399,"column":8},"end":{"line":399,"column":8}},{"start":{"line":399,"column":8},"end":{"line":399,"column":8}}]}}}}